<?xml version="1.0" encoding="UTF-8"?>
<!-- Generated by org.testng.reporters.JUnitReportReporter -->
<testsuite skipped="0" hostname="Ujwal" name="com.sauceDemo.Test.TC003_VerifyAllProduct" tests="1" failures="0" timestamp="2022-12-19T23:08:51 IST" time="0.794" errors="0">
  <testcase name="VerifyAllProduct" time="0.794" classname="com.sauceDemo.Test.TC003_VerifyAllProduct"/>
  <system-out/>
</testsuite> <!-- com.sauceDemo.Test.TC003_VerifyAllProduct -->
