<?xml version="1.0" encoding="UTF-8"?>
<!-- Generated by org.testng.reporters.JUnitReportReporter -->
<testsuite skipped="0" hostname="Ujwal" name="com.sauceDemo.Test.TC004_VerifyOrderPlaced" tests="1" failures="0" timestamp="2022-12-19T23:08:59 IST" time="1.138" errors="0">
  <testcase name="VerifyOrderPlaced" time="1.138" classname="com.sauceDemo.Test.TC004_VerifyOrderPlaced"/>
  <system-out/>
</testsuite> <!-- com.sauceDemo.Test.TC004_VerifyOrderPlaced -->
