<?xml version="1.0" encoding="UTF-8"?>
<!-- Generated by org.testng.reporters.JUnitReportReporter -->
<testsuite skipped="0" hostname="Ujwal" name="com.sauceDemo.Test.TC002_VerifyBagAddToCart" tests="1" failures="0" timestamp="2022-12-19T23:08:25 IST" time="0.826" errors="0">
  <testcase name="verifyAddToCart" time="0.826" classname="com.sauceDemo.Test.TC002_VerifyBagAddToCart"/>
  <system-out/>
</testsuite> <!-- com.sauceDemo.Test.TC002_VerifyBagAddToCart -->
