<?xml version="1.0" encoding="UTF-8"?>
<!-- Generated by org.testng.reporters.JUnitReportReporter -->
<testsuite skipped="0" hostname="Ujwal" name="com.sauceDemo.Test.TC001_VefifyLogin" tests="1" failures="0" timestamp="2022-12-19T23:09:07 IST" time="0.720" errors="0">
  <testcase name="verifyLogin" time="0.720" classname="com.sauceDemo.Test.TC001_VefifyLogin"/>
  <system-out/>
</testsuite> <!-- com.sauceDemo.Test.TC001_VefifyLogin -->
